
map -a "MachXO2" -p LCMXO2-1200HC -t QFN32 -s 4 -oc Commercial   "template_a2_impl.ngd" -o "template_a2_impl_map.ncd" -pr "template_a2_impl.prf" -mp "template_a2_impl.mrp" -lpf "C:/cygwin64/home/robin/Documents/migen_tinyFPGA/Blinky/Blinky_Lattice/blinky/impl/template_a2_impl.lpf" -lpf "C:/cygwin64/home/robin/Documents/migen_tinyFPGA/Blinky/Blinky_Lattice/blinky/template_a2.lpf" -c 0           
map:  version Diamond (64-bit) 3.11.0.396.4

Copyright (c) 1991-1994 by NeoCAD Inc. All rights reserved.
Copyright (c) 1995 AT&T Corp.   All rights reserved.
Copyright (c) 1995-2001 Lucent Technologies Inc.  All rights reserved.
Copyright (c) 2001 Agere Systems   All rights reserved.
Copyright (c) 2002-2019 Lattice Semiconductor Corporation,  All rights reserved.
   Process the file: template_a2_impl.ngd
   Picdevice="LCMXO2-1200HC"

   Pictype="QFN32"

   Picspeed=4

   Remove unused logic

   Do not produce over sized NCDs.

Part used: LCMXO2-1200HCQFN32, Performance used: 4.

    <postMsg mid="1100644" type="Warning" dynamic="2" navigation="2" arg0="C:/cygwin64/home/robin/Documents/migen_tinyFPGA/Blinky/Blinky_Lattice/blinky/template_a2.lpf(8): Semantic error in &quot;IOBUF PORT &quot;user_mosi&quot; IO_TYPE=LVCMOS33 ;&quot;: " arg1="user_mosi" arg2="C:/cygwin64/home/robin/Documents/migen_tinyFPGA/Blinky/Blinky_Lattice/blinky/template_a2.lpf" arg3="8"  />
Loading device for application map from file 'xo2c1200.nph' in environment: C:/lscc/diamond/3.11_x64/ispfpga.
Package Status:                     Preliminary    Version 1.42.

Running general design DRC...

    <postMsg mid="1166064" type="Warning" dynamic="2" navigation="0" arg0="input" arg1="user_mosi"  />
Removing unused logic...

Optimizing...

    <postMsg mid="52101271" type="Warning" dynamic="5" navigation="0" arg0="OSCH" arg1="OSCH" arg2="16.43" arg3="15.65" arg4="5.5"  />
    <postMsg mid="51001046" type="Warning" dynamic="1" navigation="0" arg0="user_mosi"  />



Design Summary:
   Number of registers:      6 out of  1346 (0%)
      PFU registers:            6 out of  1280 (0%)
      PIO registers:            0 out of    66 (0%)
   Number of SLICEs:        10 out of   640 (2%)
      SLICEs as Logic/ROM:     10 out of   640 (2%)
      SLICEs as RAM:            0 out of   480 (0%)
      SLICEs as Carry:          0 out of   640 (0%)
   Number of LUT4s:         19 out of  1280 (1%)
      Number used as logic LUTs:         19
      Number used as distributed RAM:     0
      Number used as ripple logic:        0
      Number used as shift registers:     0
   Number of PIO sites used: 3 + 4(JTAG) out of 22 (32%)
   Number of block RAMs:  0 out of 7 (0%)
   Number of GSRs:        0 out of 1 (0%)
   EFB used :        No
   JTAG used :       No
   Readback used :   No
   Oscillator used : Yes
   Startup used :    No
   POR :             On
   Bandgap :         On
   Number of Power Controller:  0 out of 1 (0%)
   Number of Dynamic Bank Controller (BCINRD):  0 out of 4 (0%)
   Number of Dynamic Bank Controller (BCLVDSO):  0 out of 1 (0%)
   Number of DCCA:  0 out of 8 (0%)
   Number of DCMA:  0 out of 2 (0%)
   Number of PLLs:  0 out of 1 (0%)
   Number of DQSDLLs:  0 out of 2 (0%)
   Number of CLKDIVC:  0 out of 4 (0%)
   Number of ECLKSYNCA:  0 out of 4 (0%)
   Number of ECLKBRIDGECS:  0 out of 2 (0%)
   Notes:-
      1. Total number of LUT4s = (Number of logic LUT4s) + 2*(Number of distributed RAMs) + 2*(Number of ripple logic)
      2. Number of logic LUT4s does not include count of distributed RAM and ripple logic.
   Number of clocks:  1
     Net osch_clk: 5 loads, 5 rising, 0 falling (Driver: OSCH )
   Number of Clock Enables:  4
     Net osch_clk_enable_6: 2 loads, 2 LSLICEs
     Net osch_clk_enable_2: 1 loads, 1 LSLICEs
     Net osch_clk_enable_3: 1 loads, 1 LSLICEs
     Net osch_clk_enable_5: 1 loads, 1 LSLICEs
   Number of LSRs:  0
   Number of nets driven by tri-state buffers:  0
   Top 10 highest fanout non-clock nets:
     Net user_cs_c: 9 loads
     Net n497: 8 loads
     Net n496: 7 loads
     Net state_0: 5 loads
     Net user_sclk_c: 5 loads
     Net bit_no_0: 4 loads
     Net n494: 4 loads
     Net user_led0_N_41: 4 loads
     Net bit_no_1: 3 loads
     Net state_1: 3 loads
 

   Number of warnings:  4
   Number of errors:    0



Total CPU Time: 0 secs  
Total REAL Time: 0 secs  
Peak Memory Usage: 39 MB

Dumping design to file template_a2_impl_map.ncd.

ncd2vdb "template_a2_impl_map.ncd" ".vdbs/template_a2_impl_map.vdb"

Loading device for application ncd2vdb from file 'xo2c1200.nph' in environment: C:/lscc/diamond/3.11_x64/ispfpga.

mpartrce -p "template_a2_impl.p2t" -f "template_a2_impl.p3t" -tf "template_a2_impl.pt" "template_a2_impl_map.ncd" "template_a2_impl.ncd"

---- MParTrce Tool ----
Removing old design directory at request of -rem command line option to this program.
Running par. Please wait . . .

Lattice Place and Route Report for Design "template_a2_impl_map.ncd"
Wed Apr 01 10:30:01 2020

PAR: Place And Route Diamond (64-bit) 3.11.0.396.4.
Command Line: par -w -l 5 -i 6 -t 1 -c 0 -e 0 -gui -msgset C:/cygwin64/home/robin/Documents/migen_tinyFPGA/Blinky/Blinky_Lattice/blinky/promote.xml -exp parUseNBR=1:parCDP=0:parCDR=0:parPathBased=OFF template_a2_impl_map.ncd template_a2_impl.dir/5_1.ncd template_a2_impl.prf
Preference file: template_a2_impl.prf.
Placement level-cost: 5-1.
Routing Iterations: 6

Loading design for application par from file template_a2_impl_map.ncd.
Design name: top
NCD version: 3.3
Vendor:      LATTICE
Device:      LCMXO2-1200HC
Package:     QFN32
Performance: 4
Loading device for application par from file 'xo2c1200.nph' in environment: C:/lscc/diamond/3.11_x64/ispfpga.
Package Status:                     Preliminary    Version 1.42.
Performance Hardware Data Status:   Final          Version 34.4.
License checked out.


Ignore Preference Error(s):  True
Device utilization summary:

   PIO (prelim)    3+4(JTAG)/108     6% used
                   3+4(JTAG)/22      32% bonded

   SLICE             10/640           1% used

   OSC                1/1           100% used


Number of Signals: 27
Number of Connections: 80

Pin Constraint Summary:
   3 out of 3 pins locked (100% locked).

No signal is selected as primary clock.


The following 1 signal is selected to use the secondary clock routing resources:
    osch_clk (driver: OSCH, clk load #: 5, sr load #: 0, ce load #: 0)

No signal is selected as Global Set/Reset.
Starting Placer Phase 0.

Finished Placer Phase 0.  REAL time: 0 secs 

Starting Placer Phase 1.
..................
Placer score = 1962.
Finished Placer Phase 1.  REAL time: 0 secs 

Starting Placer Phase 2.
.
Placer score =  1962
Finished Placer Phase 2.  REAL time: 0 secs 


------------------ Clock Report ------------------

Global Clock Resources:
  CLK_PIN    : 0 out of 8 (0%)
  PLL        : 0 out of 1 (0%)
  DCM        : 0 out of 2 (0%)
  DCC        : 0 out of 8 (0%)

Global Clocks:
  SECONDARY "osch_clk" from OSC on comp "OSCH" on site "OSC", clk load = 5, ce load = 0, sr load = 0

  PRIMARY  : 0 out of 8 (0%)
  SECONDARY: 1 out of 8 (12%)

Edge Clocks:
  No edge clock selected.

--------------- End of Clock Report ---------------


I/O Usage Summary (final):
   3 + 4(JTAG) out of 108 (6.5%) PIO sites used.
   3 + 4(JTAG) out of 22 (31.8%) bonded PIO sites used.
   Number of PIO comps: 3; differential: 0.
   Number of Vref pins used: 0.

I/O Bank Usage Summary:
+----------+--------------+------------+-----------+
| I/O Bank | Usage        | Bank Vccio | Bank Vref |
+----------+--------------+------------+-----------+
| 0        | 0 / 9 (  0%) | -          | -         |
| 1        | 1 / 2 ( 50%) | 3.3V       | -         |
| 2        | 2 / 9 ( 22%) | 3.3V       | -         |
| 3        | 0 / 2 (  0%) | -          | -         |
+----------+--------------+------------+-----------+

Total placer CPU time: 1 secs 

Dumping design to file template_a2_impl.dir/5_1.ncd.

0 connections routed; 80 unrouted.
Starting router resource preassignment

Completed router resource preassignment. Real time: 2 secs 

Start NBR router at 10:30:03 04/01/20

*****************************************************************
Info: NBR allows conflicts(one node used by more than one signal)
      in the earlier iterations. In each iteration, it tries to  
      solve the conflicts while keeping the critical connections 
      routed as short as possible. The routing process is said to
      be completed when no conflicts exist and all connections   
      are routed.                                                
Note: NBR uses a different method to calculate timing slacks. The
      worst slack and total negative slack may not be the same as
      that in TRCE report. You should always run TRCE to verify  
      your design.                                               
*****************************************************************

Start NBR special constraint process at 10:30:03 04/01/20

Start NBR section for initial routing at 10:30:03 04/01/20
Level 4, iteration 1
0(0.00%) conflict; 0(0.00%) untouched conn; 0 (nbr) score; 
Estimated worst slack/total negative slack<setup>: 54.675ns/0.000ns; real time: 2 secs 

Info: Initial congestion level at 75% usage is 0
Info: Initial congestion area  at 75% usage is 0 (0.00%)

Start NBR section for normal routing at 10:30:03 04/01/20
Level 4, iteration 1
0(0.00%) conflict; 0(0.00%) untouched conn; 0 (nbr) score; 
Estimated worst slack/total negative slack<setup>: 54.675ns/0.000ns; real time: 2 secs 

Start NBR section for setup/hold timing optimization with effort level 3 at 10:30:03 04/01/20

Start NBR section for re-routing at 10:30:03 04/01/20
Level 4, iteration 1
0(0.00%) conflict; 0(0.00%) untouched conn; 0 (nbr) score; 
Estimated worst slack/total negative slack<setup>: 54.675ns/0.000ns; real time: 2 secs 

Start NBR section for post-routing at 10:30:03 04/01/20

End NBR router with 0 unrouted connection

NBR Summary
-----------
  Number of unrouted connections : 0 (0.00%)
  Number of connections with timing violations : 0 (0.00%)
  Estimated worst slack<setup> : 54.675ns
  Timing score<setup> : 0
-----------
Notes: The timing info is calculated for SETUP only and all PAR_ADJs are ignored.



Total CPU time 2 secs 
Total REAL time: 2 secs 
Completely routed.
End of route.  80 routed (100.00%); 0 unrouted.

Hold time timing score: 0, hold timing errors: 0

Timing score: 0 

Dumping design to file template_a2_impl.dir/5_1.ncd.


PAR_SUMMARY::Run status = Completed
PAR_SUMMARY::Number of unrouted conns = 0
PAR_SUMMARY::Worst  slack<setup/<ns>> = 54.675
PAR_SUMMARY::Timing score<setup/<ns>> = 0.000
PAR_SUMMARY::Worst  slack<hold /<ns>> = 0.379
PAR_SUMMARY::Timing score<hold /<ns>> = 0.000
PAR_SUMMARY::Number of errors = 0

Total CPU  time to completion: 2 secs 
Total REAL time to completion: 2 secs 

par done!

Note: user must run 'Trace' for timing closure signoff.

Copyright (c) 1991-1994 by NeoCAD Inc. All rights reserved.
Copyright (c) 1995 AT&T Corp.   All rights reserved.
Copyright (c) 1995-2001 Lucent Technologies Inc.  All rights reserved.
Copyright (c) 2001 Agere Systems   All rights reserved.
Copyright (c) 2002-2019 Lattice Semiconductor Corporation,  All rights reserved.
Exiting par with exit code 0
Exiting mpartrce with exit code 0

trce -f "template_a2_impl.pt" -o "template_a2_impl.twr" "template_a2_impl.ncd" "template_a2_impl.prf"
trce:  version Diamond (64-bit) 3.11.0.396.4

Copyright (c) 1991-1994 by NeoCAD Inc. All rights reserved.
Copyright (c) 1995 AT&T Corp.   All rights reserved.
Copyright (c) 1995-2001 Lucent Technologies Inc.  All rights reserved.
Copyright (c) 2001 Agere Systems   All rights reserved.
Copyright (c) 2002-2019 Lattice Semiconductor Corporation,  All rights reserved.

Loading design for application trce from file template_a2_impl.ncd.
Design name: top
NCD version: 3.3
Vendor:      LATTICE
Device:      LCMXO2-1200HC
Package:     QFN32
Performance: 4
Loading device for application trce from file 'xo2c1200.nph' in environment: C:/lscc/diamond/3.11_x64/ispfpga.
Package Status:                     Preliminary    Version 1.42.
Performance Hardware Data Status:   Final          Version 34.4.
Setup and Hold Report

--------------------------------------------------------------------------------
Lattice TRACE Report - Setup, Version Diamond (64-bit) 3.11.0.396.4
Wed Apr 01 10:30:03 2020

Copyright (c) 1991-1994 by NeoCAD Inc. All rights reserved.
Copyright (c) 1995 AT&T Corp.   All rights reserved.
Copyright (c) 1995-2001 Lucent Technologies Inc.  All rights reserved.
Copyright (c) 2001 Agere Systems   All rights reserved.
Copyright (c) 2002-2019 Lattice Semiconductor Corporation,  All rights reserved.

Report Information
------------------
Command line:    trce -v 10 -gt -sethld -sp 4 -sphld m -o template_a2_impl.twr -gui -msgset C:/cygwin64/home/robin/Documents/migen_tinyFPGA/Blinky/Blinky_Lattice/blinky/promote.xml template_a2_impl.ncd template_a2_impl.prf 
Design file:     template_a2_impl.ncd
Preference file: template_a2_impl.prf
Device,speed:    LCMXO2-1200HC,4
Report level:    verbose report, limited to 10 items per preference
--------------------------------------------------------------------------------

BLOCK ASYNCPATHS
BLOCK RESETPATHS
--------------------------------------------------------------------------------



Timing summary (Setup):
---------------

Timing errors: 0  Score: 0
Cumulative negative slack: 0

Constraints cover 93 paths, 1 nets, and 65 connections (81.25% coverage)

--------------------------------------------------------------------------------
Lattice TRACE Report - Hold, Version Diamond (64-bit) 3.11.0.396.4
Wed Apr 01 10:30:03 2020

Copyright (c) 1991-1994 by NeoCAD Inc. All rights reserved.
Copyright (c) 1995 AT&T Corp.   All rights reserved.
Copyright (c) 1995-2001 Lucent Technologies Inc.  All rights reserved.
Copyright (c) 2001 Agere Systems   All rights reserved.
Copyright (c) 2002-2019 Lattice Semiconductor Corporation,  All rights reserved.

Report Information
------------------
Command line:    trce -v 10 -gt -sethld -sp 4 -sphld m -o template_a2_impl.twr -gui -msgset C:/cygwin64/home/robin/Documents/migen_tinyFPGA/Blinky/Blinky_Lattice/blinky/promote.xml template_a2_impl.ncd template_a2_impl.prf 
Design file:     template_a2_impl.ncd
Preference file: template_a2_impl.prf
Device,speed:    LCMXO2-1200HC,m
Report level:    verbose report, limited to 10 items per preference
--------------------------------------------------------------------------------

BLOCK ASYNCPATHS
BLOCK RESETPATHS
--------------------------------------------------------------------------------



Timing summary (Hold):
---------------

Timing errors: 0  Score: 0
Cumulative negative slack: 0

Constraints cover 93 paths, 1 nets, and 65 connections (81.25% coverage)



Timing summary (Setup and Hold):
---------------

Timing errors: 0 (setup), 0 (hold)
Score: 0 (setup), 0 (hold)
Cumulative negative slack: 0 (0+0)
--------------------------------------------------------------------------------

--------------------------------------------------------------------------------

Total CPU Time: 0 secs 
Total REAL Time: 0 secs 
Peak Memory Usage: 45 MB


tmcheck -par "template_a2_impl.par" 

bitgen -f "template_a2_impl.t2b" -w "template_a2_impl.ncd"  -jedec "template_a2_impl.prf"


BITGEN: Bitstream Generator Diamond (64-bit) 3.11.0.396.4
Copyright (c) 1991-1994 by NeoCAD Inc. All rights reserved.
Copyright (c) 1995 AT&T Corp.   All rights reserved.
Copyright (c) 1995-2001 Lucent Technologies Inc.  All rights reserved.
Copyright (c) 2001 Agere Systems   All rights reserved.
Copyright (c) 2002-2019 Lattice Semiconductor Corporation,  All rights reserved.


Loading design for application Bitgen from file template_a2_impl.ncd.
Design name: top
NCD version: 3.3
Vendor:      LATTICE
Device:      LCMXO2-1200HC
Package:     QFN32
Performance: 4
Loading device for application Bitgen from file 'xo2c1200.nph' in environment: C:/lscc/diamond/3.11_x64/ispfpga.
Package Status:                     Preliminary    Version 1.42.
Performance Hardware Data Status:   Final          Version 34.4.

Running DRC.
DRC detected 0 errors and 0 warnings.
Reading Preference File from template_a2_impl.prf.

Preference Summary:
+---------------------------------+---------------------------------+
|  Preference                     |  Current Setting                |
+---------------------------------+---------------------------------+
|                         RamCfg  |                        Reset**  |
+---------------------------------+---------------------------------+
|                     MCCLK_FREQ  |                         2.08**  |
+---------------------------------+---------------------------------+
|                  CONFIG_SECURE  |                          OFF**  |
+---------------------------------+---------------------------------+
|                          INBUF  |                           ON**  |
+---------------------------------+---------------------------------+
|                      JTAG_PORT  |                       ENABLE**  |
+---------------------------------+---------------------------------+
|                       SDM_PORT  |                      DISABLE**  |
+---------------------------------+---------------------------------+
|                 SLAVE_SPI_PORT  |                      DISABLE**  |
+---------------------------------+---------------------------------+
|                MASTER_SPI_PORT  |                      DISABLE**  |
+---------------------------------+---------------------------------+
|                       I2C_PORT  |                      DISABLE**  |
+---------------------------------+---------------------------------+
|        MUX_CONFIGURATION_PORTS  |                      DISABLE**  |
+---------------------------------+---------------------------------+
|                  CONFIGURATION  |                          CFG**  |
+---------------------------------+---------------------------------+
|                COMPRESS_CONFIG  |                           ON**  |
+---------------------------------+---------------------------------+
|                        MY_ASSP  |                          OFF**  |
+---------------------------------+---------------------------------+
|               ONE_TIME_PROGRAM  |                          OFF**  |
+---------------------------------+---------------------------------+
|                 ENABLE_TRANSFR  |                      DISABLE**  |
+---------------------------------+---------------------------------+
|                  SHAREDEBRINIT  |                      DISABLE**  |
+---------------------------------+---------------------------------+
|            BACKGROUND_RECONFIG  |                          OFF**  |
+---------------------------------+---------------------------------+
 *  Default setting.
 ** The specified setting matches the default setting.


Creating bit map...
 
Bitstream Status: Final           Version 1.95.
 
Saving bit stream in "template_a2_impl.jed".
 
===========
UFM Summary.
===========
UFM Size:        511 Pages (128*511 Bits).
UFM Utilization: General Purpose Flash Memory.
 
Available General Purpose Flash Memory:  511 Pages (Page 0 to Page 510).
Initialized UFM Pages:                     0 Page.
 
Total CPU Time: 1 secs 
Total REAL Time: 2 secs 
Peak Memory Usage: 252 MB
