synthesis:  version Diamond (64-bit) 3.11.0.396.4

Copyright (c) 1991-1994 by NeoCAD Inc. All rights reserved.
Copyright (c) 1995 AT&T Corp.   All rights reserved.
Copyright (c) 1995-2001 Lucent Technologies Inc.  All rights reserved.
Copyright (c) 2001 Agere Systems   All rights reserved.
Copyright (c) 2002-2019 Lattice Semiconductor Corporation,  All rights reserved.
Wed Mar 25 17:21:27 2020


Command Line:  synthesis -f template_a2_impl_lattice.synproj -gui 

Synthesis options:
The -a option is MachXO2.
The -s option is 4.
The -t option is QFN32.
The -d option is LCMXO2-1200HC.
Using package QFN32.
Using performance grade 4.
                                                          

##########################################################

### Lattice Family : MachXO2

### Device  : LCMXO2-1200HC

### Package : QFN32

### Speed   : 4

##########################################################

                                                          

INFO - synthesis: User-Selected Strategy Settings
Optimization goal = Balanced
Top-level module name = top.
Target frequency = 200.000000 MHz.
Maximum fanout = 1000.
Timing path count = 3
BRAM utilization = 100.000000 %
DSP usage = true
DSP utilization = 100.000000 %
fsm_encoding_style = auto
resolve_mixed_drivers = 0
fix_gated_clocks = 1

Mux style = Auto
Use Carry Chain = true
carry_chain_length = 0
Loop Limit = 1950.
Use IO Insertion = TRUE
Use IO Reg = AUTO

Resource Sharing = TRUE
Propagate Constants = TRUE
Remove Duplicate Registers = TRUE
force_gsr = auto
ROM style = auto
RAM style = auto
The -comp option is FALSE.
The -syn option is FALSE.
-p C:/cygwin64/home/robin/Documents/migen_tinyFPGA/Blinky/Blinky_Lattice/blinky (searchpath added)
-p C:/lscc/diamond/3.11_x64/ispfpga/xo2c00/data (searchpath added)
-p C:/cygwin64/home/robin/Documents/migen_tinyFPGA/Blinky/Blinky_Lattice/blinky/impl (searchpath added)
-p C:/cygwin64/home/robin/Documents/migen_tinyFPGA/Blinky/Blinky_Lattice/blinky (searchpath added)
Verilog design file = C:/cygwin64/home/robin/Documents/migen_tinyFPGA/Blinky/Blinky_Lattice/blinky/TinyFPGA_A2.v
NGD file = template_a2_impl.ngd
-sdc option: SDC file input not used.
-lpf option: Output file option is ON.
Hardtimer checking is enabled (default). The -dt option is not used.
The -r option is OFF. [ Remove LOC Properties is OFF. ]
Technology check ok...

Analyzing Verilog file C:/lscc/diamond/3.11_x64/ispfpga/userware/NT/SYNTHESIS_HEADERS/machxo2.v. VERI-1482
Compile design.
Compile Design Begin
Analyzing Verilog file c:/cygwin64/home/robin/documents/migen_tinyfpga/blinky/blinky_lattice/blinky/tinyfpga_a2.v. VERI-1482
Analyzing Verilog file C:/lscc/diamond/3.11_x64/ispfpga/userware/NT/SYNTHESIS_HEADERS/machxo2.v. VERI-1482
Top module name (Verilog): top
INFO - synthesis: c:/cygwin64/home/robin/documents/migen_tinyfpga/blinky/blinky_lattice/blinky/tinyfpga_a2.v(2): compiling module top. VERI-1018
INFO - synthesis: C:/lscc/diamond/3.11_x64/ispfpga/userware/NT/SYNTHESIS_HEADERS/machxo2.v(1793): compiling module OSCH(NOM_FREQ="15.65"). VERI-1018
WARNING - synthesis: c:/cygwin64/home/robin/documents/migen_tinyfpga/blinky/blinky_lattice/blinky/tinyfpga_a2.v(25): Register int_rst_17 is stuck at Zero. VDB-5013
Loading NGL library 'C:/lscc/diamond/3.11_x64/ispfpga/xo2c00a/data/xo2alib.ngl'...
Loading NGL library 'C:/lscc/diamond/3.11_x64/ispfpga/xo2c00/data/xo2clib.ngl'...
Loading NGL library 'C:/lscc/diamond/3.11_x64/ispfpga/mg5g00/data/mg5glib.ngl'...
Loading NGL library 'C:/lscc/diamond/3.11_x64/ispfpga/or5g00/data/orc5glib.ngl'...
Loading device for application map from file 'xo2c1200.nph' in environment: C:/lscc/diamond/3.11_x64/ispfpga.
Package Status:                     Preliminary    Version 1.42.
Top-level module name = top.
WARNING - synthesis: Initial value found on net gnd will be ignored due to unrecognized driver type



GSR will not be inferred because no asynchronous signal was found in the netlist.
Applying 200.000000 MHz constraint to all clocks

WARNING - synthesis: No user .sdc file.
Results of NGD DRC are available in top_drc.log.
Loading NGL library 'C:/lscc/diamond/3.11_x64/ispfpga/xo2c00a/data/xo2alib.ngl'...
Loading NGL library 'C:/lscc/diamond/3.11_x64/ispfpga/xo2c00/data/xo2clib.ngl'...
Loading NGL library 'C:/lscc/diamond/3.11_x64/ispfpga/mg5g00/data/mg5glib.ngl'...
Loading NGL library 'C:/lscc/diamond/3.11_x64/ispfpga/or5g00/data/orc5glib.ngl'...
All blocks are expanded and NGD expansion is successful.
Writing NGD file template_a2_impl.ngd.

################### Begin Area Report (top)######################
Number of register bits => 11 of 1346 (0 % )
CCU2D => 6
FD1S3AX => 1
FD1S3IX => 10
GSR => 1
LUT4 => 6
OB => 2
OSCH => 1
################### End Area Report ##################

################### Begin BlackBox Report ######################
TSALL => 1
################### End BlackBox Report ##################

################### Begin Clock Report ######################
Clock Nets
Number of Clocks: 1
  Net : osch_clk, loads : 11
Clock Enable Nets
Number of Clock Enables: 0
Top 0 highest fanout Clock Enables:
Highest fanout non-clock nets
Top 10 highest fanout non-clock nets:
  Net : n97, loads : 10
  Net : cnt_4, loads : 3
  Net : cnt_3, loads : 3
  Net : cnt_2, loads : 3
  Net : cnt_1, loads : 3
  Net : cnt_0, loads : 3
  Net : Dout_c, loads : 2
  Net : cnt_9, loads : 2
  Net : cnt_8, loads : 2
  Net : cnt_7, loads : 2
################### End Clock Report ##################

Timing Report Summary
--------------
--------------------------------------------------------------------------------
Constraint                              |   Constraint|       Actual|Levels
--------------------------------------------------------------------------------
                                        |             |             |
create_clock -period 5.000000 -name     |             |             |
clk0 [get_nets osch_clk]                |  200.000 MHz|  143.534 MHz|     4 *
                                        |             |             |
--------------------------------------------------------------------------------


1 constraints not met.


Peak Memory Usage: 51.625  MB

--------------------------------------------------------------
Elapsed CPU time for LSE flow : 0.328  secs
--------------------------------------------------------------
