
             Lattice Mapping Report File for Design Module 'top'


Design Information
------------------

Command line:   map -a MachXO2 -p LCMXO2-1200HC -t QFN32 -s 4 -oc Commercial
     template_a2_impl.ngd -o template_a2_impl_map.ncd -pr template_a2_impl.prf
     -mp template_a2_impl.mrp -lpf C:/cygwin64/home/robin/Documents/migen_tinyFP
     GA/Blinky/Blinky_Lattice/blinky/impl/template_a2_impl.lpf -lpf C:/cygwin64/
     home/robin/Documents/migen_tinyFPGA/Blinky/Blinky_Lattice/blinky/template_a
     2.lpf -c 0 -gui 
Target Vendor:  LATTICE
Target Device:  LCMXO2-1200HCQFN32
Target Performance:   4
Mapper:  xo2c00,  version:  Diamond (64-bit) 3.11.0.396.4
Mapped on:  03/25/20  17:21:27

Design Summary
--------------

   Number of registers:     11 out of  1346 (1%)
      PFU registers:           11 out of  1280 (1%)
      PIO registers:            0 out of    66 (0%)
   Number of SLICEs:         9 out of   640 (1%)
      SLICEs as Logic/ROM:      9 out of   640 (1%)
      SLICEs as RAM:            0 out of   480 (0%)
      SLICEs as Carry:          6 out of   640 (1%)
   Number of LUT4s:         18 out of  1280 (1%)
      Number used as logic LUTs:          6
      Number used as distributed RAM:     0
      Number used as ripple logic:       12
      Number used as shift registers:     0
   Number of PIO sites used: 2 + 4(JTAG) out of 22 (27%)
   Number of block RAMs:  0 out of 7 (0%)
   Number of GSRs:        0 out of 1 (0%)
   EFB used :        No
   JTAG used :       No
   Readback used :   No
   Oscillator used : Yes
   Startup used :    No
   POR :             On
   Bandgap :         On
   Number of Power Controller:  0 out of 1 (0%)
   Number of Dynamic Bank Controller (BCINRD):  0 out of 4 (0%)
   Number of Dynamic Bank Controller (BCLVDSO):  0 out of 1 (0%)
   Number of DCCA:  0 out of 8 (0%)
   Number of DCMA:  0 out of 2 (0%)
   Number of PLLs:  0 out of 1 (0%)
   Number of DQSDLLs:  0 out of 2 (0%)
   Number of CLKDIVC:  0 out of 4 (0%)
   Number of ECLKSYNCA:  0 out of 4 (0%)
   Number of ECLKBRIDGECS:  0 out of 2 (0%)
   Notes:-
      1. Total number of LUT4s = (Number of logic LUT4s) + 2*(Number of
     distributed RAMs) + 2*(Number of ripple logic)
      2. Number of logic LUT4s does not include count of distributed RAM and
     ripple logic.
   Number of clocks:  1
     Net osch_clk: 7 loads, 7 rising, 0 falling (Driver: OSCH )
   Number of Clock Enables:  0

                                    Page 1




Design:  top                                           Date:  03/25/20  17:21:27

Design Summary (cont)
---------------------
   Number of LSRs:  1
     Net n97: 6 loads, 6 LSLICEs
   Number of nets driven by tri-state buffers:  0
   Top 10 highest fanout non-clock nets:
     Net n97: 6 loads
     Net cnt_0: 3 loads
     Net cnt_1: 3 loads
     Net cnt_2: 3 loads
     Net cnt_3: 3 loads
     Net cnt_4: 3 loads
     Net cnt_5: 2 loads
     Net cnt_6: 2 loads
     Net Dout_c: 2 loads
     Net n118: 2 loads




   Number of warnings:  1
   Number of errors:    0
     

Design Errors/Warnings
----------------------

WARNING - map: OSCH 'OSCH' has FREQUENCY preference value set to 16.43 MHZ,
     which is different from the actual value 15.65 MHZ. The FREQUENCY
     preference is still within the 5.5% tolerence of the actual value.

IO (PIO) Attributes
-------------------

+---------------------+-----------+-----------+------------+
| IO Name             | Direction | Levelmode | IO         |
|                     |           |  IO_TYPE  | Register   |
+---------------------+-----------+-----------+------------+
| user_led0           | OUTPUT    | LVCMOS33  |            |
+---------------------+-----------+-----------+------------+
| Dout                | OUTPUT    | LVCMOS33  |            |
+---------------------+-----------+-----------+------------+

Removed logic
-------------

Block i2 undriven or does not drive anything - clipped.
Block GSR_INST undriven or does not drive anything - clipped.
Signal GND_net undriven or does not drive anything - clipped.
Signal VCC_net undriven or does not drive anything - clipped.
Signal cnt_25_add_4_11/S1 undriven or does not drive anything - clipped.
Signal cnt_25_add_4_11/CO undriven or does not drive anything - clipped.
Signal cnt_25_add_4_1/S0 undriven or does not drive anything - clipped.
Signal cnt_25_add_4_1/CI undriven or does not drive anything - clipped.
Block i1 was optimized away.

     


                                    Page 2




Design:  top                                           Date:  03/25/20  17:21:27

OSC Summary
-----------

OSC 1:                                     Pin/Node Value
  OSC Instance Name:                                OSCH
  OSC Type:                                         OSCH
  STDBY Input:                                      NONE
  OSC Output:                              NODE     osch_clk
  OSC Nominal Frequency (MHz):                      15.65

ASIC Components
---------------

Instance Name: OSCH
         Type: OSCH

Run Time and Memory Usage
-------------------------

   Total CPU Time: 0 secs  
   Total REAL Time: 0 secs  
   Peak Memory Usage: 38 MB
        




































                                    Page 3


Copyright (c) 1991-1994 by NeoCAD Inc. All rights reserved.
     Copyright (c) 1995 AT&T Corp.   All rights reserved.
     Copyright (c) 1995-2001 Lucent Technologies Inc.  All rights reserved.
     Copyright (c) 2001 Agere Systems   All rights reserved.
     Copyright (c) 2002-2019 Lattice Semiconductor Corporation,  All rights
     reserved.
