--------------------------------------------------------------------------------
Lattice Synthesis Timing Report, Version  
Wed Apr 01 10:27:49 2020

Copyright (c) 1991-1994 by NeoCAD Inc. All rights reserved.
Copyright (c) 1995 AT&T Corp.   All rights reserved.
Copyright (c) 1995-2001 Lucent Technologies Inc.  All rights reserved.
Copyright (c) 2001 Agere Systems   All rights reserved.
Copyright (c) 2002-2019 Lattice Semiconductor Corporation,  All rights reserved.

Report Information
------------------
Design:     top
Constraint file:  
Report level:    verbose report, limited to 3 items per constraint
--------------------------------------------------------------------------------



================================================================================
Constraint: create_clock -period 5.000000 -name clk0 [get_nets osch_clk]
            96 items scored, 88 timing errors detected.
--------------------------------------------------------------------------------


Error:  The following path violates requirements by 2.491ns

 Logical Details:  Cell type  Pin type       Cell name  (clock net +/-)

   Source:         FD1P3AX    CK             state_i0  (from osch_clk +)
   Destination:    FD1P3AX    SP             state_i0  (to osch_clk +)

   Delay:                   7.206ns  (26.7% logic, 73.3% route), 4 logic levels.

 Constraint Details:

      7.206ns data_path state_i0 to state_i0 violates
      5.000ns delay constraint less
      0.285ns LCE_S requirement (totaling 4.715ns) by 2.491ns

 Path Details: state_i0 to state_i0

   Name    Fanout   Delay (ns)          Pins               Resource(Cell.Net)
L_CO        ---     0.444             CK to Q              state_i0 (from osch_clk)
Route         5   e 1.462                                  state[0]
LUT4        ---     0.493              C to Z              i2_3_lut_rep_13
Route         8   e 1.540                                  n497
LUT4        ---     0.493              B to Z              i1_2_lut_rep_10_3_lut_4_lut
Route         4   e 1.340                                  n494
LUT4        ---     0.493              A to Z              i30_4_lut_4_lut
Route         1   e 0.941                                  osch_clk_enable_5
                  --------
                    7.206  (26.7% logic, 73.3% route), 4 logic levels.


Error:  The following path violates requirements by 2.491ns

 Logical Details:  Cell type  Pin type       Cell name  (clock net +/-)

   Source:         FD1P3AX    CK             state_i0  (from osch_clk +)
   Destination:    FD1P3AX    SP             state_i1  (to osch_clk +)

   Delay:                   7.206ns  (26.7% logic, 73.3% route), 4 logic levels.

 Constraint Details:

      7.206ns data_path state_i0 to state_i1 violates
      5.000ns delay constraint less
      0.285ns LCE_S requirement (totaling 4.715ns) by 2.491ns

 Path Details: state_i0 to state_i1

   Name    Fanout   Delay (ns)          Pins               Resource(Cell.Net)
L_CO        ---     0.444             CK to Q              state_i0 (from osch_clk)
Route         5   e 1.462                                  state[0]
LUT4        ---     0.493              C to Z              i2_3_lut_rep_13
Route         8   e 1.540                                  n497
LUT4        ---     0.493              B to Z              i1_2_lut_rep_10_3_lut_4_lut
Route         4   e 1.340                                  n494
LUT4        ---     0.493              D to Z              n12_bdd_4_lut
Route         1   e 0.941                                  osch_clk_enable_3
                  --------
                    7.206  (26.7% logic, 73.3% route), 4 logic levels.


Error:  The following path violates requirements by 2.491ns

 Logical Details:  Cell type  Pin type       Cell name  (clock net +/-)

   Source:         FD1P3AX    CK             state_i0  (from osch_clk +)
   Destination:    FD1P3AX    SP             state_i2  (to osch_clk +)

   Delay:                   7.206ns  (26.7% logic, 73.3% route), 4 logic levels.

 Constraint Details:

      7.206ns data_path state_i0 to state_i2 violates
      5.000ns delay constraint less
      0.285ns LCE_S requirement (totaling 4.715ns) by 2.491ns

 Path Details: state_i0 to state_i2

   Name    Fanout   Delay (ns)          Pins               Resource(Cell.Net)
L_CO        ---     0.444             CK to Q              state_i0 (from osch_clk)
Route         5   e 1.462                                  state[0]
LUT4        ---     0.493              C to Z              i2_3_lut_rep_13
Route         8   e 1.540                                  n497
LUT4        ---     0.493              B to Z              i1_2_lut_rep_10_3_lut_4_lut
Route         4   e 1.340                                  n494
LUT4        ---     0.493              A to Z              i31_4_lut_4_lut
Route         1   e 0.941                                  osch_clk_enable_2
                  --------
                    7.206  (26.7% logic, 73.3% route), 4 logic levels.

Warning: 7.491 ns is the maximum delay for this constraint.


Timing Report Summary
--------------
--------------------------------------------------------------------------------
Constraint                              |   Constraint|       Actual|Levels
--------------------------------------------------------------------------------
                                        |             |             |
create_clock -period 5.000000 -name     |             |             |
clk0 [get_nets osch_clk]                |     5.000 ns|     7.491 ns|     4 *
                                        |             |             |
--------------------------------------------------------------------------------


1 constraints not met.

--------------------------------------------------------------------------------
Critical Nets                           |   Loads|  Errors| % of total
--------------------------------------------------------------------------------
n497                                    |       8|      39|     44.32%
                                        |        |        |
state[1]                                |       3|      24|     27.27%
                                        |        |        |
state[2]                                |       3|      24|     27.27%
                                        |        |        |
state[0]                                |       5|      23|     26.14%
                                        |        |        |
n496                                    |       7|      21|     23.86%
                                        |        |        |
n494                                    |       4|      18|     20.45%
                                        |        |        |
user_led0_N_41                          |       4|      17|     19.32%
                                        |        |        |
osch_clk_enable_2                       |       1|      15|     17.05%
                                        |        |        |
osch_clk_enable_3                       |       1|      15|     17.05%
                                        |        |        |
osch_clk_enable_5                       |       1|      15|     17.05%
                                        |        |        |
next_state[0]                           |       1|      14|     15.91%
                                        |        |        |
n12                                     |       2|      12|     13.64%
                                        |        |        |
next_state[1]                           |       1|      11|     12.50%
                                        |        |        |
next_state[2]                           |       1|       9|     10.23%
                                        |        |        |
osch_clk_enable_6                       |       3|       9|     10.23%
                                        |        |        |
--------------------------------------------------------------------------------


Timing summary:
---------------

Timing errors: 88  Score: 109796

Constraints cover  96 paths, 27 nets, and 69 connections (82.1% coverage)


Peak memory: 54362112 bytes, TRCE: 1384448 bytes, DLYMAN: 0 bytes
CPU_TIME_REPORT: 0 secs 
